<?xml version="1.0" encoding="UTF-8"?>
<!-- Generated by org.testng.reporters.JUnitReportReporter -->
<testsuite hostname="WL310984" name="ForexAutomation.java.TestForDemo" tests="1" failures="0" timestamp="9 Jan 2017 18:10:09 GMT" time="21742.055" errors="0">
  <testcase name="transfer" time="21742.055" classname="ForexAutomation.java.TestForDemo"/>
</testsuite> <!-- ForexAutomation.java.TestForDemo -->
